<?xml version="1.0" encoding="UTF-8"?>
<testsuite xmlns:xsi="http://www.w3.org/2001/XMLSchema-instance" xsi:noNamespaceSchemaLocation="https://maven.apache.org/surefire/maven-surefire-plugin/xsd/surefire-test-report.xsd" name="demo.AppTest" time="0.041" tests="1" errors="0" skipped="0" failures="0">
  <properties>
    <property name="java.specification.version" value="24"/>
    <property name="sun.cpu.isalist" value="amd64"/>
    <property name="sun.jnu.encoding" value="Cp1252"/>
    <property name="java.class.path" value="D:\Semester Projects\Database Project\myABL_MongoJava\mongoproject\target\test-classes;D:\Semester Projects\Database Project\myABL_MongoJava\mongoproject\target\classes;C:\Users\rizwa\.m2\repository\org\mongodb\mongodb-driver-sync\4.10.2\mongodb-driver-sync-4.10.2.jar;C:\Users\rizwa\.m2\repository\org\mongodb\bson\4.10.2\bson-4.10.2.jar;C:\Users\rizwa\.m2\repository\org\mongodb\mongodb-driver-core\4.10.2\mongodb-driver-core-4.10.2.jar;C:\Users\rizwa\.m2\repository\org\mongodb\bson-record-codec\4.10.2\bson-record-codec-4.10.2.jar;C:\Users\rizwa\.m2\repository\com\google\code\gson\gson\2.10.1\gson-2.10.1.jar;C:\Users\rizwa\.m2\repository\junit\junit\4.11\junit-4.11.jar;C:\Users\rizwa\.m2\repository\org\hamcrest\hamcrest-core\1.3\hamcrest-core-1.3.jar;C:\Users\rizwa\.m2\repository\org\slf4j\slf4j-simple\2.0.9\slf4j-simple-2.0.9.jar;C:\Users\rizwa\.m2\repository\org\slf4j\slf4j-api\2.0.9\slf4j-api-2.0.9.jar;C:\Users\rizwa\.m2\repository\com\formdev\flatlaf\3.2\flatlaf-3.2.jar;"/>
    <property name="java.vm.vendor" value="Oracle Corporation"/>
    <property name="sun.arch.data.model" value="64"/>
    <property name="user.variant" value=""/>
    <property name="java.vendor.url" value="https://java.oracle.com/"/>
    <property name="user.timezone" value="Asia/Karachi"/>
    <property name="os.name" value="Windows 11"/>
    <property name="java.vm.specification.version" value="24"/>
    <property name="sun.java.launcher" value="SUN_STANDARD"/>
    <property name="user.country" value="US"/>
    <property name="sun.boot.library.path" value="C:\Program Files\Java\jdk-24\bin"/>
    <property name="sun.java.command" value="C:\Users\rizwa\AppData\Local\Temp\surefire7381552380732018332\surefirebooter5280450657608473362.jar C:\Users\rizwa\AppData\Local\Temp\surefire7381552380732018332 2025-06-16T02-34-29_408-jvmRun1 surefire9212163040723494418tmp surefire_09653849282513102351tmp"/>
    <property name="jdk.debug" value="release"/>
    <property name="surefire.test.class.path" value="D:\Semester Projects\Database Project\myABL_MongoJava\mongoproject\target\test-classes;D:\Semester Projects\Database Project\myABL_MongoJava\mongoproject\target\classes;C:\Users\rizwa\.m2\repository\org\mongodb\mongodb-driver-sync\4.10.2\mongodb-driver-sync-4.10.2.jar;C:\Users\rizwa\.m2\repository\org\mongodb\bson\4.10.2\bson-4.10.2.jar;C:\Users\rizwa\.m2\repository\org\mongodb\mongodb-driver-core\4.10.2\mongodb-driver-core-4.10.2.jar;C:\Users\rizwa\.m2\repository\org\mongodb\bson-record-codec\4.10.2\bson-record-codec-4.10.2.jar;C:\Users\rizwa\.m2\repository\com\google\code\gson\gson\2.10.1\gson-2.10.1.jar;C:\Users\rizwa\.m2\repository\junit\junit\4.11\junit-4.11.jar;C:\Users\rizwa\.m2\repository\org\hamcrest\hamcrest-core\1.3\hamcrest-core-1.3.jar;C:\Users\rizwa\.m2\repository\org\slf4j\slf4j-simple\2.0.9\slf4j-simple-2.0.9.jar;C:\Users\rizwa\.m2\repository\org\slf4j\slf4j-api\2.0.9\slf4j-api-2.0.9.jar;C:\Users\rizwa\.m2\repository\com\formdev\flatlaf\3.2\flatlaf-3.2.jar;"/>
    <property name="sun.cpu.endian" value="little"/>
    <property name="user.home" value="C:\Users\rizwa"/>
    <property name="user.language" value="en"/>
    <property name="java.specification.vendor" value="Oracle Corporation"/>
    <property name="java.version.date" value="2025-03-18"/>
    <property name="java.home" value="C:\Program Files\Java\jdk-24"/>
    <property name="file.separator" value="\"/>
    <property name="basedir" value="D:\Semester Projects\Database Project\myABL_MongoJava\mongoproject"/>
    <property name="java.vm.compressedOopsMode" value="Zero based"/>
    <property name="line.separator" value="&#10;"/>
    <property name="java.vm.specification.vendor" value="Oracle Corporation"/>
    <property name="java.specification.name" value="Java Platform API Specification"/>
    <property name="surefire.real.class.path" value="C:\Users\rizwa\AppData\Local\Temp\surefire7381552380732018332\surefirebooter5280450657608473362.jar"/>
    <property name="user.script" value=""/>
    <property name="sun.management.compiler" value="HotSpot 64-Bit Tiered Compilers"/>
    <property name="java.runtime.version" value="24+36-3646"/>
    <property name="user.name" value="rizwa"/>
    <property name="stdout.encoding" value="Cp1252"/>
    <property name="path.separator" value=";"/>
    <property name="os.version" value="10.0"/>
    <property name="java.runtime.name" value="Java(TM) SE Runtime Environment"/>
    <property name="file.encoding" value="UTF-8"/>
    <property name="java.vm.name" value="Java HotSpot(TM) 64-Bit Server VM"/>
    <property name="localRepository" value="C:\Users\rizwa\.m2\repository"/>
    <property name="java.vendor.url.bug" value="https://bugreport.java.com/bugreport/"/>
    <property name="java.io.tmpdir" value="C:\Users\rizwa\AppData\Local\Temp\"/>
    <property name="java.version" value="24"/>
    <property name="user.dir" value="D:\Semester Projects\Database Project\myABL_MongoJava\mongoproject"/>
    <property name="os.arch" value="amd64"/>
    <property name="java.vm.specification.name" value="Java Virtual Machine Specification"/>
    <property name="sun.os.patch.level" value=""/>
    <property name="native.encoding" value="Cp1252"/>
    <property name="java.library.path" value="C:\Program Files\Java\jdk-24\bin;C:\WINDOWS\Sun\Java\bin;C:\WINDOWS\system32;C:\WINDOWS;C:\Program Files\PowerShell\7;C:\oracle11g\product\11.2.0\dbhome_1\bin;C:\Program Files\Common Files\Oracle\Java\javapath;C:\WINDOWS\system32;C:\WINDOWS;C:\WINDOWS\System32\Wbem;C:\WINDOWS\System32\WindowsPowerShell\v1.0\;C:\WINDOWS\System32\OpenSSH\;C:\Program Files\Git\cmd;C:\MinGW\bin;C:\Program Files\PowerShell\7\;C:\Program Files\MongoDB\Server\8.0\bin;C:\Program Files\MongoDB\Tools\mongodb-database-tools-windows-x86_64-100.12.1\bin;C:\Program Files\Apache\Maven\apache-maven-3.9.10\bin;C:\Users\rizwa\AppData\Local\Microsoft\WindowsApps;C:\Users\rizwa\AppData\Local\Programs\Microsoft VS Code\bin;C:\Program Files\MongoDB\mongosh\;."/>
    <property name="java.vm.info" value="mixed mode, sharing"/>
    <property name="stderr.encoding" value="Cp1252"/>
    <property name="java.vendor" value="Oracle Corporation"/>
    <property name="java.vm.version" value="24+36-3646"/>
    <property name="sun.io.unicode.encoding" value="UnicodeLittle"/>
    <property name="java.class.version" value="68.0"/>
  </properties>
  <testcase name="shouldAnswerWithTrue" classname="demo.AppTest" time="0.005"/>
</testsuite>